<?xml version="1.0" encoding="UTF-8"?>
<!-- Generated by org.testng.reporters.JUnitReportReporter -->
<testsuite hostname="DESKTOP-P4U8V0S" failures="0" tests="1" name="Cucumber.CucumberTestngRunner" time="7.033" errors="0" timestamp="27 Mar 2024 17:56:35 GMT" skipped="0">
  <testcase classname="Cucumber.CucumberTestngRunner" name="runScenario" time="7.033"/>
</testsuite> <!-- Cucumber.CucumberTestngRunner -->
