<?xml version="1.0" encoding="UTF-8"?>
<!-- Generated by org.testng.reporters.JUnitReportReporter -->
<testsuite hostname="DESKTOP-P4U8V0S" failures="0" tests="3" name="FrameworkPractice.Test.SubmitOrderTest" time="60.193" errors="0" timestamp="25 Mar 2024 07:08:42 GMT" skipped="0">
  <testcase classname="FrameworkPractice.Test.SubmitOrderTest" name="submitOrder" time="30.734"/>
  <testcase classname="FrameworkPractice.Test.SubmitOrderTest" name="orderProductDisplayed" time="4.384"/>
  <testcase classname="FrameworkPractice.Test.SubmitOrderTest" name="submitOrder" time="25.075"/>
</testsuite> <!-- FrameworkPractice.Test.SubmitOrderTest -->
