<?xml version="1.0" encoding="UTF-8"?>
<!-- Generated by org.testng.reporters.JUnitReportReporter -->
<testsuite hostname="DESKTOP-P4U8V0S" failures="0" tests="1" name="Cucumber.CucumberTestngRunner" time="8.614" errors="0" timestamp="01 Apr 2024 17:39:47 GMT" skipped="0">
  <testcase classname="Cucumber.CucumberTestngRunner" name="runScenario" time="8.614"/>
</testsuite> <!-- Cucumber.CucumberTestngRunner -->
