<?xml version="1.0" encoding="UTF-8"?>
<!-- Generated by org.testng.reporters.JUnitReportReporter -->
<testsuite hostname="DESKTOP-P4U8V0S" failures="0" tests="2" name="FrameworkPractice.Test.ErrorValidation" time="30.805" errors="0" timestamp="25 Mar 2024 07:08:42 GMT" skipped="0">
  <testcase classname="FrameworkPractice.Test.ErrorValidation" name="searchProductValidation" time="25.658"/>
  <testcase classname="FrameworkPractice.Test.ErrorValidation" name="loginErrorValidation" time="5.147"/>
</testsuite> <!-- FrameworkPractice.Test.ErrorValidation -->
